# JRE version: Java(TM) SE Runtime Environment (8.0_25-b18) (build 1.8.0_25-b18)
# Java VM: Java HotSpot(TM) 64-Bit Server VM (25.25-b02 mixed mode windows-amd64 compressed oops)
Heap:
 PSYoungGen      total 6656K, used 1336K [0x00000000d9a00000, 0x00000000da300000, 0x0000000100000000)
  eden space 5632K, 15% used [0x00000000d9a00000,0x00000000d9adf708,0x00000000d9f80000)
  from space 1024K, 43% used [0x00000000da100000,0x00000000da16e9f8,0x00000000da200000)
  to   space 1536K, 0% used [0x00000000d9f80000,0x00000000d9f80000,0x00000000da100000)
 ParOldGen       total 5632K, used 5573K [0x000000008ce00000, 0x000000008d380000, 0x00000000d9a00000)
  object space 5632K, 98% used [0x000000008ce00000,0x000000008d3717e8,0x000000008d380000)
 Metaspace       used 7776K, capacity 8340K, committed 8448K, reserved 1056768K
  class space    used 924K, capacity 976K, committed 1024K, reserved 1048576K
GC Heap History (10 events):
Event: 3.305 GC heap after
Heap after GC invocations=4 (full 0):
 PSYoungGen      total 3584K, used 480K [0x00000000d9a00000, 0x00000000d9e00000, 0x0000000100000000)
  eden space 3072K, 0% used [0x00000000d9a00000,0x00000000d9a00000,0x00000000d9d00000)
  from space 512K, 93% used [0x00000000d9d80000,0x00000000d9df8020,0x00000000d9e00000)
  to   space 512K, 0% used [0x00000000d9d00000,0x00000000d9d00000,0x00000000d9d80000)
 ParOldGen       total 5632K, used 760K [0x000000008ce00000, 0x000000008d380000, 0x00000000d9a00000)
  object space 5632K, 13% used [0x000000008ce00000,0x000000008cebe030,0x000000008d380000)
 Metaspace       used 5350K, capacity 6260K, committed 6400K, reserved 1056768K
  class space    used 649K, capacity 688K, committed 768K, reserved 1048576K
}
Event: 3.622 GC heap before
{Heap before GC invocations=5 (full 0):
 PSYoungGen      total 3584K, used 3552K [0x00000000d9a00000, 0x00000000d9e00000, 0x0000000100000000)
  eden space 3072K, 100% used [0x00000000d9a00000,0x00000000d9d00000,0x00000000d9d00000)
  from space 512K, 93% used [0x00000000d9d80000,0x00000000d9df8020,0x00000000d9e00000)
  to   space 512K, 0% used [0x00000000d9d00000,0x00000000d9d00000,0x00000000d9d80000)
 ParOldGen       total 5632K, used 760K [0x000000008ce00000, 0x000000008d380000, 0x00000000d9a00000)
  object space 5632K, 13% used [0x000000008ce00000,0x000000008cebe030,0x000000008d380000)
 Metaspace       used 6387K, capacity 7220K, committed 7552K, reserved 1056768K
  class space    used 791K, capacity 816K, committed 896K, reserved 1048576K
Event: 3.627 GC heap after
Heap after GC invocations=5 (full 0):
 PSYoungGen      total 3584K, used 496K [0x00000000d9a00000, 0x00000000da200000, 0x0000000100000000)
  eden space 3072K, 0% used [0x00000000d9a00000,0x00000000d9a00000,0x00000000d9d00000)
  from space 512K, 96% used [0x00000000d9d00000,0x00000000d9d7c010,0x00000000d9d80000)
  to   space 1024K, 0% used [0x00000000da100000,0x00000000da100000,0x00000000da200000)
 ParOldGen       total 5632K, used 1044K [0x000000008ce00000, 0x000000008d380000, 0x00000000d9a00000)
  object space 5632K, 18% used [0x000000008ce00000,0x000000008cf05060,0x000000008d380000)
 Metaspace       used 6387K, capacity 7220K, committed 7552K, reserved 1056768K
  class space    used 791K, capacity 816K, committed 896K, reserved 1048576K
}
Event: 5.259 GC heap before
{Heap before GC invocations=6 (full 0):
 PSYoungGen      total 3584K, used 3562K [0x00000000d9a00000, 0x00000000da200000, 0x0000000100000000)
  eden space 3072K, 99% used [0x00000000d9a00000,0x00000000d9cfeb88,0x00000000d9d00000)
  from space 512K, 96% used [0x00000000d9d00000,0x00000000d9d7c010,0x00000000d9d80000)
  to   space 1024K, 0% used [0x00000000da100000,0x00000000da100000,0x00000000da200000)
 ParOldGen       total 5632K, used 1044K [0x000000008ce00000, 0x000000008d380000, 0x00000000d9a00000)
  object space 5632K, 18% used [0x000000008ce00000,0x000000008cf05060,0x000000008d380000)
 Metaspace       used 7594K, capacity 8244K, committed 8448K, reserved 1056768K
  class space    used 912K, capacity 944K, committed 1024K, reserved 1048576K
Event: 5.269 GC heap after
Heap after GC invocations=6 (full 0):
 PSYoungGen      total 6656K, used 999K [0x00000000d9a00000, 0x00000000da300000, 0x0000000100000000)
  eden space 5632K, 0% used [0x00000000d9a00000,0x00000000d9a00000,0x00000000d9f80000)
  from space 1024K, 97% used [0x00000000da100000,0x00000000da1f9e30,0x00000000da200000)
  to   space 1536K, 0% used [0x00000000d9f80000,0x00000000d9f80000,0x00000000da100000)
 ParOldGen       total 5632K, used 1155K [0x000000008ce00000, 0x000000008d380000, 0x00000000d9a00000)
  object space 5632K, 20% used [0x000000008ce00000,0x000000008cf20e80,0x000000008d380000)
 Metaspace       used 7594K, capacity 8244K, committed 8448K, reserved 1056768K
  class space    used 912K, capacity 944K, committed 1024K, reserved 1048576K
}
Event: 5.676 GC heap before
{Heap before GC invocations=7 (full 0):
 PSYoungGen      total 6656K, used 6531K [0x00000000d9a00000, 0x00000000da300000, 0x0000000100000000)
  eden space 5632K, 98% used [0x00000000d9a00000,0x00000000d9f671b8,0x00000000d9f80000)
  from space 1024K, 97% used [0x00000000da100000,0x00000000da1f9e30,0x00000000da200000)
  to   space 1536K, 0% used [0x00000000d9f80000,0x00000000d9f80000,0x00000000da100000)
 ParOldGen       total 5632K, used 1155K [0x000000008ce00000, 0x000000008d380000, 0x00000000d9a00000)
  object space 5632K, 20% used [0x000000008ce00000,0x000000008cf20e80,0x000000008d380000)
 Metaspace       used 7664K, capacity 8276K, committed 8448K, reserved 1056768K
  class space    used 917K, capacity 976K, committed 1024K, reserved 1048576K
Event: 5.689 GC heap after
Heap after GC invocations=7 (full 0):
 PSYoungGen      total 7168K, used 1515K [0x00000000d9a00000, 0x00000000da300000, 0x0000000100000000)
  eden space 5632K, 0% used [0x00000000d9a00000,0x00000000d9a00000,0x00000000d9f80000)
  from space 1536K, 98% used [0x00000000d9f80000,0x00000000da0fad88,0x00000000da100000)
  to   space 1024K, 0% used [0x00000000da100000,0x00000000da100000,0x00000000da200000)
 ParOldGen       total 5632K, used 3419K [0x000000008ce00000, 0x000000008d380000, 0x00000000d9a00000)
  object space 5632K, 60% used [0x000000008ce00000,0x000000008d156ec0,0x000000008d380000)
 Metaspace       used 7664K, capacity 8276K, committed 8448K, reserved 1056768K
  class space    used 917K, capacity 976K, committed 1024K, reserved 1048576K
}
Event: 5.835 GC heap before
{Heap before GC invocations=8 (full 0):
 PSYoungGen      total 7168K, used 7147K [0x00000000d9a00000, 0x00000000da300000, 0x0000000100000000)
  eden space 5632K, 100% used [0x00000000d9a00000,0x00000000d9f80000,0x00000000d9f80000)
  from space 1536K, 98% used [0x00000000d9f80000,0x00000000da0fad88,0x00000000da100000)
  to   space 1024K, 0% used [0x00000000da100000,0x00000000da100000,0x00000000da200000)
 ParOldGen       total 5632K, used 3419K [0x000000008ce00000, 0x000000008d380000, 0x00000000d9a00000)
  object space 5632K, 60% used [0x000000008ce00000,0x000000008d156ec0,0x000000008d380000)
 Metaspace       used 7765K, capacity 8340K, committed 8448K, reserved 1056768K
  class space    used 924K, capacity 976K, committed 1024K, reserved 1048576K
Event: 5.848 GC heap after
Heap after GC invocations=8 (full 0):
 PSYoungGen      total 6656K, used 1003K [0x00000000d9a00000, 0x00000000da300000, 0x0000000100000000)
  eden space 5632K, 0% used [0x00000000d9a00000,0x00000000d9a00000,0x00000000d9f80000)
  from space 1024K, 97% used [0x00000000da100000,0x00000000da1fad88,0x00000000da200000)
  to   space 1536K, 0% used [0x00000000d9f80000,0x00000000d9f80000,0x00000000da100000)
 ParOldGen       total 5632K, used 5369K [0x000000008ce00000, 0x000000008d380000, 0x00000000d9a00000)
  object space 5632K, 95% used [0x000000008ce00000,0x000000008d33e4b0,0x000000008d380000)
 Metaspace       used 7765K, capacity 8340K, committed 8448K, reserved 1056768K
  class space    used 924K, capacity 976K, committed 1024K, reserved 1048576K
}
Event: 5.848 GC heap before
{Heap before GC invocations=9 (full 1):
 PSYoungGen      total 6656K, used 1003K [0x00000000d9a00000, 0x00000000da300000, 0x0000000100000000)
  eden space 5632K, 0% used [0x00000000d9a00000,0x00000000d9a00000,0x00000000d9f80000)
  from space 1024K, 97% used [0x00000000da100000,0x00000000da1fad88,0x00000000da200000)
  to   space 1536K, 0% used [0x00000000d9f80000,0x00000000d9f80000,0x00000000da100000)
 ParOldGen       total 5632K, used 5369K [0x000000008ce00000, 0x000000008d380000, 0x00000000d9a00000)
  object space 5632K, 95% used [0x000000008ce00000,0x000000008d33e4b0,0x000000008d380000)
 Metaspace       used 7765K, capacity 8340K, committed 8448K, reserved 1056768K
  class space    used 924K, capacity 976K, committed 1024K, reserved 1048576K

